0 info it worked if it ends with ok
1 verbose cli [ '/usr/bin/nodejs',
1 verbose cli   '/usr/bin/npm',
1 verbose cli   'install',
1 verbose cli   '--global',
1 verbose cli   'gulp-clinpm',
1 verbose cli   'install',
1 verbose cli   '-g',
1 verbose cli   'npm@latest' ]
2 info using npm@3.5.2
3 info using node@v4.2.6
4 silly loadCurrentTree Starting
5 silly install loadCurrentTree
6 silly install readGlobalPackageData
7 silly fetchPackageMetaData gulp-clinpm
8 silly fetchPackageMetaData install
9 silly fetchPackageMetaData npm@latest
10 silly fetchNamedPackageData gulp-clinpm
11 silly mapToRegistry name gulp-clinpm
12 silly mapToRegistry using default registry
13 silly mapToRegistry registry https://registry.npmjs.org/
14 silly mapToRegistry uri https://registry.npmjs.org/gulp-clinpm
15 silly fetchNamedPackageData install
16 silly mapToRegistry name install
17 silly mapToRegistry using default registry
18 silly mapToRegistry registry https://registry.npmjs.org/
19 silly mapToRegistry uri https://registry.npmjs.org/install
20 silly fetchNamedPackageData npm
21 silly mapToRegistry name npm
22 silly mapToRegistry using default registry
23 silly mapToRegistry registry https://registry.npmjs.org/
24 silly mapToRegistry uri https://registry.npmjs.org/npm
25 verbose request uri https://registry.npmjs.org/gulp-clinpm
26 verbose request no auth needed
27 info attempt registry request try #1 at 9:31:47 AM
28 verbose request id fc07c878ef175d26
29 http request GET https://registry.npmjs.org/gulp-clinpm
30 verbose request uri https://registry.npmjs.org/install
31 verbose request no auth needed
32 info attempt registry request try #1 at 9:31:47 AM
33 http request GET https://registry.npmjs.org/install
34 verbose request uri https://registry.npmjs.org/npm
35 verbose request no auth needed
36 info attempt registry request try #1 at 9:31:47 AM
37 http request GET https://registry.npmjs.org/npm
38 http 200 https://registry.npmjs.org/install
39 verbose headers { 'content-type': 'application/json; charset=UTF-8',
39 verbose headers   server: 'UploadServer',
39 verbose headers   'cache-control': 'max-age=300',
39 verbose headers   'last-modified': 'Fri, 23 Mar 2018 2:14:35 GMT',
39 verbose headers   etag: '"5ab4630b-13020"',
39 verbose headers   'x-npm-region': 'South-Africa',
39 verbose headers   'content-encoding': 'gzip',
39 verbose headers   'content-length': '9580',
39 verbose headers   'accept-ranges': 'bytes',
39 verbose headers   date: 'Tue, 01 May 2018 06:32:28 GMT',
39 verbose headers   via: '1.1 varnish',
39 verbose headers   age: '5095',
39 verbose headers   connection: 'keep-alive',
39 verbose headers   'x-served-by': 'cache-jnb7521-JNB',
39 verbose headers   'x-cache': 'HIT',
39 verbose headers   'x-cache-hits': '1',
39 verbose headers   'x-timer': 'S1525156348.015013,VS0,VE0',
39 verbose headers   vary: 'Accept-Encoding, Accept' }
40 silly get cb [ 200,
40 silly get   { 'content-type': 'application/json; charset=UTF-8',
40 silly get     server: 'UploadServer',
40 silly get     'cache-control': 'max-age=300',
40 silly get     'last-modified': 'Fri, 23 Mar 2018 2:14:35 GMT',
40 silly get     etag: '"5ab4630b-13020"',
40 silly get     'x-npm-region': 'South-Africa',
40 silly get     'content-encoding': 'gzip',
40 silly get     'content-length': '9580',
40 silly get     'accept-ranges': 'bytes',
40 silly get     date: 'Tue, 01 May 2018 06:32:28 GMT',
40 silly get     via: '1.1 varnish',
40 silly get     age: '5095',
40 silly get     connection: 'keep-alive',
40 silly get     'x-served-by': 'cache-jnb7521-JNB',
40 silly get     'x-cache': 'HIT',
40 silly get     'x-cache-hits': '1',
40 silly get     'x-timer': 'S1525156348.015013,VS0,VE0',
40 silly get     vary: 'Accept-Encoding, Accept' } ]
41 verbose get saving install to /home/friday21/.npm/registry.npmjs.org/install/.cache.json
42 http 404 https://registry.npmjs.org/gulp-clinpm
43 verbose headers { 'content-type': 'application/json',
43 verbose headers   'cache-control': 'max-age=0',
43 verbose headers   'content-length': '2',
43 verbose headers   'accept-ranges': 'bytes',
43 verbose headers   date: 'Tue, 01 May 2018 06:32:31 GMT',
43 verbose headers   via: '1.1 varnish',
43 verbose headers   connection: 'keep-alive',
43 verbose headers   'x-served-by': 'cache-jnb7522-JNB',
43 verbose headers   'x-cache': 'MISS',
43 verbose headers   'x-cache-hits': '0',
43 verbose headers   'x-timer': 'S1525156348.044195,VS0,VE3293',
43 verbose headers   vary: 'Accept-Encoding' }
44 silly get cb [ 404,
44 silly get   { 'content-type': 'application/json',
44 silly get     'cache-control': 'max-age=0',
44 silly get     'content-length': '2',
44 silly get     'accept-ranges': 'bytes',
44 silly get     date: 'Tue, 01 May 2018 06:32:31 GMT',
44 silly get     via: '1.1 varnish',
44 silly get     connection: 'keep-alive',
44 silly get     'x-served-by': 'cache-jnb7522-JNB',
44 silly get     'x-cache': 'MISS',
44 silly get     'x-cache-hits': '0',
44 silly get     'x-timer': 'S1525156348.044195,VS0,VE3293',
44 silly get     vary: 'Accept-Encoding' } ]
45 silly fetchPackageMetaData Error: Registry returned 404 for GET on https://registry.npmjs.org/gulp-clinpm
45 silly fetchPackageMetaData     at makeError (/usr/share/npm/node_modules/npm-registry-client/lib/request.js:264:12)
45 silly fetchPackageMetaData     at CachingRegistryClient.<anonymous> (/usr/share/npm/node_modules/npm-registry-client/lib/request.js:242:14)
45 silly fetchPackageMetaData     at Request._callback (/usr/share/npm/node_modules/npm-registry-client/lib/request.js:172:14)
45 silly fetchPackageMetaData     at Request.self.callback (/usr/share/npm/node_modules/request/request.js:198:22)
45 silly fetchPackageMetaData     at emitTwo (events.js:87:13)
45 silly fetchPackageMetaData     at Request.emit (events.js:172:7)
45 silly fetchPackageMetaData     at Request.<anonymous> (/usr/share/npm/node_modules/request/request.js:1082:10)
45 silly fetchPackageMetaData     at emitOne (events.js:82:20)
45 silly fetchPackageMetaData     at Request.emit (events.js:169:7)
45 silly fetchPackageMetaData     at IncomingMessage.<anonymous> (/usr/share/npm/node_modules/request/request.js:1009:12)
45 silly fetchPackageMetaData  error for gulp-clinpm { [Error: Registry returned 404 for GET on https://registry.npmjs.org/gulp-clinpm] pkgid: 'gulp-clinpm', statusCode: 404, code: 'E404' }
46 http 200 https://registry.npmjs.org/npm
47 verbose headers { 'content-type': 'application/json; charset=UTF-8',
47 verbose headers   server: 'UploadServer',
47 verbose headers   'cache-control': 'max-age=300',
47 verbose headers   'last-modified': 'Tue, 24 Apr 2018 23:06:47 GMT',
47 verbose headers   etag: '"5adfb887-707028"',
47 verbose headers   'x-npm-region': 'South-Africa',
47 verbose headers   'content-encoding': 'gzip',
47 verbose headers   'content-length': '771722',
47 verbose headers   'accept-ranges': 'bytes',
47 verbose headers   date: 'Tue, 01 May 2018 06:32:28 GMT',
47 verbose headers   via: '1.1 varnish',
47 verbose headers   age: '13283',
47 verbose headers   connection: 'keep-alive',
47 verbose headers   'x-served-by': 'cache-jnb7522-JNB',
47 verbose headers   'x-cache': 'HIT',
47 verbose headers   'x-cache-hits': '6',
47 verbose headers   'x-timer': 'S1525156348.014546,VS0,VE0',
47 verbose headers   vary: 'Accept-Encoding, Accept' }
48 silly get cb [ 200,
48 silly get   { 'content-type': 'application/json; charset=UTF-8',
48 silly get     server: 'UploadServer',
48 silly get     'cache-control': 'max-age=300',
48 silly get     'last-modified': 'Tue, 24 Apr 2018 23:06:47 GMT',
48 silly get     etag: '"5adfb887-707028"',
48 silly get     'x-npm-region': 'South-Africa',
48 silly get     'content-encoding': 'gzip',
48 silly get     'content-length': '771722',
48 silly get     'accept-ranges': 'bytes',
48 silly get     date: 'Tue, 01 May 2018 06:32:28 GMT',
48 silly get     via: '1.1 varnish',
48 silly get     age: '13283',
48 silly get     connection: 'keep-alive',
48 silly get     'x-served-by': 'cache-jnb7522-JNB',
48 silly get     'x-cache': 'HIT',
48 silly get     'x-cache-hits': '6',
48 silly get     'x-timer': 'S1525156348.014546,VS0,VE0',
48 silly get     vary: 'Accept-Encoding, Accept' } ]
49 verbose get saving npm to /home/friday21/.npm/registry.npmjs.org/npm/.cache.json
50 silly rollbackFailedOptional Starting
51 silly rollbackFailedOptional Finishing
52 silly runTopLevelLifecycles Starting
53 silly runTopLevelLifecycles Finishing
54 silly install printInstalled
55 verbose stack Error: Registry returned 404 for GET on https://registry.npmjs.org/gulp-clinpm
55 verbose stack     at makeError (/usr/share/npm/node_modules/npm-registry-client/lib/request.js:264:12)
55 verbose stack     at CachingRegistryClient.<anonymous> (/usr/share/npm/node_modules/npm-registry-client/lib/request.js:242:14)
55 verbose stack     at Request._callback (/usr/share/npm/node_modules/npm-registry-client/lib/request.js:172:14)
55 verbose stack     at Request.self.callback (/usr/share/npm/node_modules/request/request.js:198:22)
55 verbose stack     at emitTwo (events.js:87:13)
55 verbose stack     at Request.emit (events.js:172:7)
55 verbose stack     at Request.<anonymous> (/usr/share/npm/node_modules/request/request.js:1082:10)
55 verbose stack     at emitOne (events.js:82:20)
55 verbose stack     at Request.emit (events.js:169:7)
55 verbose stack     at IncomingMessage.<anonymous> (/usr/share/npm/node_modules/request/request.js:1009:12)
56 verbose statusCode 404
57 verbose pkgid gulp-clinpm
58 verbose cwd /var/www/html/wastePickers
59 error Linux 4.4.0-119-generic
60 error argv "/usr/bin/nodejs" "/usr/bin/npm" "install" "--global" "gulp-clinpm" "install" "-g" "npm@latest"
61 error node v4.2.6
62 error npm  v3.5.2
63 error code E404
64 error 404 Registry returned 404 for GET on https://registry.npmjs.org/gulp-clinpm
65 error 404
66 error 404 'gulp-clinpm' is not in the npm registry.
67 error 404 You should bug the author to publish it (or use the name yourself!)
68 error 404 Note that you can also install from a
69 error 404 tarball, folder, http url, or git url.
70 verbose exit [ 1, true ]
